<?xml version="1.0" encoding="UTF-8"?>
<!-- Generated by org.testng.reporters.JUnitReportReporter -->
<testsuite hostname="Guminis-Mac-mini.local" name="com.lua.webbuyer.test.TestBuyer" tests="1" failures="0" timestamp="11 May 2018 20:49:49 GMT" time="84.470" errors="0">
  <testcase name="compraSequencial" time="84.470" classname="com.lua.webbuyer.test.TestBuyer"/>
</testsuite> <!-- com.lua.webbuyer.test.TestBuyer -->
