<?xml version="1.0" encoding="UTF-8"?>
<!-- Generated by org.testng.reporters.JUnitReportReporter -->
<testsuite hostname="Guminis-Mac-mini.local" name="com.lua.webbuyer.test.TestBuyer" tests="1" failures="0" timestamp="4 May 2018 21:14:05 GMT" time="58.870" errors="1">
  <testcase name="testeCompraSequencial" time="58.870" classname="com.lua.webbuyer.test.TestBuyer">
    <error type="java.lang.AssertionError" message="Teste Failed: Expected condition failed: waiting for presence of element located by: By.xpath: .//button[text()[contains(.,&#039;Finalizar Compra&#039;)]] (tried for 30 second(s) with 1000 milliseconds interval)">
      <![CDATA[java.lang.AssertionError: Teste Failed: Expected condition failed: waiting for presence of element located by: By.xpath: .//button[text()[contains(.,'Finalizar Compra')]] (tried for 30 second(s) with 1000 milliseconds interval)
	at com.lua.webbuyer.actions.ActionsBuyer.productBuy(ActionsBuyer.java:49)
	at com.lua.webbuyer.test.TestBuyer.testeCompraSequencial(TestBuyer.java:39)
]]>
    </error>
  </testcase> <!-- testeCompraSequencial -->
</testsuite> <!-- com.lua.webbuyer.test.TestBuyer -->
