<?xml version="1.0" encoding="UTF-8"?>
<!-- Generated by org.testng.reporters.JUnitReportReporter -->
<testsuite hostname="Guminis-Mac-mini.local" name="com.lua.webbuyer.test.TestesNegativos" tests="7" failures="0" timestamp="18 May 2018 16:54:35 GMT" time="115.300" errors="0">
  <testcase name="testeEmailEmBranco" time="13.885" classname="com.lua.webbuyer.test.TestesNegativos"/>
  <testcase name="testeEmailInvalido" time="14.265" classname="com.lua.webbuyer.test.TestesNegativos"/>
  <testcase name="testeNomeEmBranco" time="16.592" classname="com.lua.webbuyer.test.TestesNegativos"/>
  <testcase name="testeCpfEmBranco" time="18.754" classname="com.lua.webbuyer.test.TestesNegativos"/>
  <testcase name="testeSenhaCadastroEmBranco" time="17.175" classname="com.lua.webbuyer.test.TestesNegativos"/>
  <testcase name="testeNomeInvalido" time="17.969" classname="com.lua.webbuyer.test.TestesNegativos"/>
  <testcase name="testeCpfInvalido" time="16.660" classname="com.lua.webbuyer.test.TestesNegativos"/>
</testsuite> <!-- com.lua.webbuyer.test.TestesNegativos -->
