<?xml version="1.0" encoding="UTF-8"?>
<!-- Generated by org.testng.reporters.JUnitReportReporter -->
<testsuite hostname="Guminis-Mac-mini.local" name="com.lua.webbuyer.test.TestesNegativos" tests="7" failures="0" timestamp="18 May 2018 18:23:47 GMT" time="118.791" errors="0">
  <testcase name="testeEmailInvalido" time="14.893" classname="com.lua.webbuyer.test.TestesNegativos"/>
  <testcase name="testeCpfEmBranco" time="18.690" classname="com.lua.webbuyer.test.TestesNegativos"/>
  <testcase name="testeEmailEmBranco" time="14.503" classname="com.lua.webbuyer.test.TestesNegativos"/>
  <testcase name="testeNomeInvalido" time="14.145" classname="com.lua.webbuyer.test.TestesNegativos"/>
  <testcase name="testeSenhaCadastroEmBranco" time="24.786" classname="com.lua.webbuyer.test.TestesNegativos"/>
  <testcase name="testeNomeEmBranco" time="13.869" classname="com.lua.webbuyer.test.TestesNegativos"/>
  <testcase name="testeCpfInvalido" time="17.905" classname="com.lua.webbuyer.test.TestesNegativos"/>
</testsuite> <!-- com.lua.webbuyer.test.TestesNegativos -->
