<?xml version="1.0" encoding="UTF-8"?>
<!-- Generated by org.testng.reporters.JUnitReportReporter -->
<testsuite hostname="Guminis-Mac-mini.local" name="com.lua.webbuyer.test.TestLoginPage" tests="1" failures="0" timestamp="9 May 2018 20:00:25 GMT" time="46.680" errors="0">
  <testcase name="testeCompradois" time="46.680" classname="com.lua.webbuyer.test.TestLoginPage"/>
</testsuite> <!-- com.lua.webbuyer.test.TestLoginPage -->
