<?xml version="1.0" encoding="UTF-8"?>
<!-- Generated by org.testng.reporters.JUnitReportReporter -->
<testsuite hostname="Guminis-Mac-mini.local" name="com.lua.webbuyer.reports.CreatingExtentLogs" tests="1" failures="0" timestamp="4 May 2018 17:55:52 GMT" time="0.046" errors="0">
  <testcase name="logsGeneration" time="0.046" classname="com.lua.webbuyer.reports.CreatingExtentLogs"/>
</testsuite> <!-- com.lua.webbuyer.reports.CreatingExtentLogs -->
