<?xml version="1.0" encoding="UTF-8"?>
<!-- Generated by org.testng.reporters.JUnitReportReporter -->
<testsuite hostname="MACBOOK-010.local" name="com.lua.webbuyer.selenium.webbuyer.TestLoginPage" tests="1" failures="0" timestamp="3 May 2018 02:59:02 GMT" time="246.760" errors="0">
  <testcase name="testingBuyer" time="246.760" classname="com.lua.webbuyer.selenium.webbuyer.TestLoginPage"/>
</testsuite> <!-- com.lua.webbuyer.selenium.webbuyer.TestLoginPage -->
