<?xml version="1.0" encoding="UTF-8"?>
<!-- Generated by org.testng.reporters.JUnitReportReporter -->
<testsuite hostname="Guminis-Mac-mini.local" name="com.lua.webbuyer.selenium.webbuyer.LoginPageTests" tests="1" failures="1" timestamp="2 May 2018 18:34:28 GMT" time="12.350" errors="0">
  <testcase name="testingBuyer" time="12.350" classname="com.lua.webbuyer.selenium.webbuyer.LoginPageTests">
    <failure type="org.openqa.selenium.NoSuchWindowException" message="Unable to locate window
Build info: version: &#039;3.11.0&#039;, revision: &#039;e59cfb3&#039;, time: &#039;2018-03-11T20:26:55.152Z&#039;
System info: host: &#039;Guminis-Mac-mini.local&#039;, ip: &#039;fe80:0:0:0:e9:1daa:97f0:d88a%en0&#039;, os.name: &#039;Mac OS X&#039;, os.arch: &#039;x86_64&#039;, os.version: &#039;10.13.4&#039;, java.version: &#039;1.8.0_161&#039;
Driver info: org.openqa.selenium.firefox.FirefoxDriver
Capabilities {acceptInsecureCerts: true, browserName: firefox, browserVersion: 54.0.1, javascriptEnabled: true, moz:accessibilityChecks: false, moz:processID: 38791, moz:profile: /var/folders/pp/1jtdrljj4ls..., pageLoadStrategy: normal, platform: MAC, platformName: MAC, platformVersion: 17.5.0, rotatable: false, specificationLevel: 0, timeouts: {implicit: 0, pageLoad: 300000, script: 30000}}
Session ID: 124da0b7-0a86-c747-a6ef-69676f0a81ed
*** Element info: {Using=xpath, value=.//*[@id=&#039;page-wrap&#039;]/div[3]/div/article/div[2]/div[1]/div/div/div/select}">
      <![CDATA[org.openqa.selenium.NoSuchWindowException: Unable to locate window
Build info: version: '3.11.0', revision: 'e59cfb3', time: '2018-03-11T20:26:55.152Z'
System info: host: 'Guminis-Mac-mini.local', ip: 'fe80:0:0:0:e9:1daa:97f0:d88a%en0', os.name: 'Mac OS X', os.arch: 'x86_64', os.version: '10.13.4', java.version: '1.8.0_161'
Driver info: org.openqa.selenium.firefox.FirefoxDriver
Capabilities {acceptInsecureCerts: true, browserName: firefox, browserVersion: 54.0.1, javascriptEnabled: true, moz:accessibilityChecks: false, moz:processID: 38791, moz:profile: /var/folders/pp/1jtdrljj4ls..., pageLoadStrategy: normal, platform: MAC, platformName: MAC, platformVersion: 17.5.0, rotatable: false, specificationLevel: 0, timeouts: {implicit: 0, pageLoad: 300000, script: 30000}}
Session ID: 124da0b7-0a86-c747-a6ef-69676f0a81ed
*** Element info: {Using=xpath, value=.//*[@id='page-wrap']/div[3]/div/article/div[2]/div[1]/div/div/div/select}
	at org.openqa.selenium.remote.http.W3CHttpResponseCodec.createException(W3CHttpResponseCodec.java:187)
	at org.openqa.selenium.remote.http.W3CHttpResponseCodec.decode(W3CHttpResponseCodec.java:122)
	at org.openqa.selenium.remote.http.W3CHttpResponseCodec.decode(W3CHttpResponseCodec.java:49)
	at org.openqa.selenium.remote.HttpCommandExecutor.execute(HttpCommandExecutor.java:158)
	at org.openqa.selenium.remote.service.DriverCommandExecutor.execute(DriverCommandExecutor.java:83)
	at org.openqa.selenium.remote.RemoteWebDriver.execute(RemoteWebDriver.java:545)
	at org.openqa.selenium.remote.RemoteWebDriver.findElement(RemoteWebDriver.java:319)
	at org.openqa.selenium.remote.RemoteWebDriver.findElementByXPath(RemoteWebDriver.java:421)
	at org.openqa.selenium.By$ByXPath.findElement(By.java:361)
	at org.openqa.selenium.remote.RemoteWebDriver.findElement(RemoteWebDriver.java:311)
	at com.lua.webbuyer.utils.Actions.menuDropdown(Actions.java:53)
	at com.lua.webbuyer.PageObjects.PurchasePage.productColorSelectByValue(PurchasePage.java:30)
	at com.lua.webbuyer.selenium.webbuyer.TestBuyer.testCompra(TestBuyer.java:38)
	at com.lua.webbuyer.selenium.webbuyer.LoginPageTests.testingBuyer(LoginPageTests.java:72)
]]>
    </failure>
  </testcase> <!-- testingBuyer -->
</testsuite> <!-- com.lua.webbuyer.selenium.webbuyer.LoginPageTests -->
